2022-07-25 09:34:45,561 INFO    MainThread:42284 [internal.py:wandb_internal():90] W&B internal server running at pid: 42284, started at: 2022-07-25 09:34:45.560400
2022-07-25 09:34:45,564 INFO    WriterThread:42284 [datastore.py:open_for_write():75] open: D:\my_code_2\my_code\tutorial-MixMatch-master\wandb\run-20220725_093441-2fw995xd\run-2fw995xd.wandb
2022-07-25 09:34:45,582 DEBUG   SenderThread:42284 [sender.py:send():236] send: header
2022-07-25 09:34:45,583 DEBUG   SenderThread:42284 [sender.py:send():236] send: run
2022-07-25 09:34:46,231 DEBUG   HandlerThread:42284 [handler.py:handle_request():140] handle_request: check_version
2022-07-25 09:34:46,236 INFO    SenderThread:42284 [dir_watcher.py:__init__():216] watching files in: D:\my_code_2\my_code\tutorial-MixMatch-master\wandb\run-20220725_093441-2fw995xd\files
2022-07-25 09:34:46,236 INFO    SenderThread:42284 [sender.py:_start_run_threads():815] run started: 2fw995xd with start time 1658712882
2022-07-25 09:34:46,237 DEBUG   SenderThread:42284 [sender.py:send():236] send: summary
2022-07-25 09:34:46,238 INFO    SenderThread:42284 [sender.py:_save_file():952] saving file wandb-summary.json with policy end
2022-07-25 09:34:46,239 DEBUG   SenderThread:42284 [sender.py:send_request():250] send_request: check_version
2022-07-25 09:34:46,799 DEBUG   HandlerThread:42284 [handler.py:handle_request():140] handle_request: run_start
2022-07-25 09:34:46,964 DEBUG   HandlerThread:42284 [meta.py:__init__():35] meta init
2022-07-25 09:34:46,964 DEBUG   HandlerThread:42284 [meta.py:__init__():49] meta init done
2022-07-25 09:34:46,964 DEBUG   HandlerThread:42284 [meta.py:probe():209] probe
2022-07-25 09:34:47,068 DEBUG   HandlerThread:42284 [git.py:repo():29] git repository is invalid
2022-07-25 09:34:47,068 DEBUG   HandlerThread:42284 [meta.py:_save_pip():53] save pip
2022-07-25 09:34:47,070 DEBUG   HandlerThread:42284 [meta.py:_save_pip():67] save pip done
2022-07-25 09:34:47,070 DEBUG   HandlerThread:42284 [meta.py:_save_conda():74] save conda
2022-07-25 09:34:47,251 INFO    Thread-11 :42284 [dir_watcher.py:_on_file_created():269] file/dir created: D:\my_code_2\my_code\tutorial-MixMatch-master\wandb\run-20220725_093441-2fw995xd\files\requirements.txt
2022-07-25 09:34:47,252 INFO    Thread-11 :42284 [dir_watcher.py:_on_file_created():269] file/dir created: D:\my_code_2\my_code\tutorial-MixMatch-master\wandb\run-20220725_093441-2fw995xd\files\conda-environment.yaml
2022-07-25 09:34:47,252 INFO    Thread-11 :42284 [dir_watcher.py:_on_file_created():269] file/dir created: D:\my_code_2\my_code\tutorial-MixMatch-master\wandb\run-20220725_093441-2fw995xd\files\wandb-summary.json
2022-07-25 09:34:52,288 INFO    Thread-11 :42284 [dir_watcher.py:_on_file_created():269] file/dir created: D:\my_code_2\my_code\tutorial-MixMatch-master\wandb\run-20220725_093441-2fw995xd\files\output.log
2022-07-25 09:34:54,339 INFO    Thread-11 :42284 [dir_watcher.py:_on_file_modified():286] file/dir modified: D:\my_code_2\my_code\tutorial-MixMatch-master\wandb\run-20220725_093441-2fw995xd\files\output.log
2022-07-25 09:35:06,521 INFO    Thread-11 :42284 [dir_watcher.py:_on_file_modified():286] file/dir modified: D:\my_code_2\my_code\tutorial-MixMatch-master\wandb\run-20220725_093441-2fw995xd\files\conda-environment.yaml
2022-07-25 09:35:06,772 DEBUG   HandlerThread:42284 [meta.py:_save_conda():84] save conda done
2022-07-25 09:35:06,788 DEBUG   HandlerThread:42284 [meta.py:probe():247] probe done
2022-07-25 09:35:07,223 DEBUG   HandlerThread:42284 [handler.py:handle_request():140] handle_request: stop_status
2022-07-25 09:35:07,224 DEBUG   SenderThread:42284 [sender.py:send_request():250] send_request: stop_status
2022-07-25 09:35:07,532 INFO    Thread-11 :42284 [dir_watcher.py:_on_file_created():269] file/dir created: D:\my_code_2\my_code\tutorial-MixMatch-master\wandb\run-20220725_093441-2fw995xd\files\wandb-metadata.json
2022-07-25 09:35:07,927 DEBUG   SenderThread:42284 [sender.py:send():236] send: telemetry
2022-07-25 09:35:07,927 DEBUG   SenderThread:42284 [sender.py:send():236] send: telemetry
2022-07-25 09:35:07,928 DEBUG   SenderThread:42284 [sender.py:send():236] send: config
2022-07-25 09:35:07,928 DEBUG   SenderThread:42284 [sender.py:send():236] send: config
2022-07-25 09:35:07,929 DEBUG   SenderThread:42284 [sender.py:send():236] send: config
2022-07-25 09:35:07,929 DEBUG   SenderThread:42284 [sender.py:send():236] send: config
2022-07-25 09:35:07,929 DEBUG   SenderThread:42284 [sender.py:send():236] send: config
2022-07-25 09:35:07,930 DEBUG   SenderThread:42284 [sender.py:send():236] send: config
2022-07-25 09:35:07,930 DEBUG   SenderThread:42284 [sender.py:send():236] send: config
2022-07-25 09:35:07,930 DEBUG   SenderThread:42284 [sender.py:send():236] send: config
2022-07-25 09:35:07,930 DEBUG   SenderThread:42284 [sender.py:send():236] send: config
2022-07-25 09:35:07,931 DEBUG   SenderThread:42284 [sender.py:send():236] send: config
2022-07-25 09:35:07,931 DEBUG   SenderThread:42284 [sender.py:send():236] send: telemetry
2022-07-25 09:35:07,932 DEBUG   SenderThread:42284 [sender.py:send():236] send: files
2022-07-25 09:35:07,933 INFO    SenderThread:42284 [sender.py:_save_file():952] saving file wandb-metadata.json with policy now
2022-07-25 09:35:09,370 INFO    Thread-15 :42284 [upload_job.py:push():138] Uploaded file C:\Users\Yy\AppData\Local\Temp\tmp6egundgzwandb\1c4gsbsh-wandb-metadata.json
2022-07-25 09:35:11,871 DEBUG   HandlerThread:42284 [handler.py:handle_request():140] handle_request: stop_status
2022-07-25 09:35:11,871 DEBUG   SenderThread:42284 [sender.py:send_request():250] send_request: stop_status
2022-07-25 09:35:27,648 DEBUG   HandlerThread:42284 [handler.py:handle_request():140] handle_request: stop_status
2022-07-25 09:35:36,862 INFO    Thread-11 :42284 [dir_watcher.py:_on_file_modified():286] file/dir modified: D:\my_code_2\my_code\tutorial-MixMatch-master\wandb\run-20220725_093441-2fw995xd\files\output.log
2022-07-25 09:35:47,671 DEBUG   HandlerThread:42284 [handler.py:handle_request():140] handle_request: stop_status
2022-07-25 09:35:50,346 ERROR   SenderThread:42284 [retry.py:__call__():132] Retry attempt failed:
Traceback (most recent call last):
  File "c:\users\yy\miniconda3\lib\site-packages\urllib3\connectionpool.py", line 426, in _make_request
    six.raise_from(e, None)
  File "<string>", line 3, in raise_from
  File "c:\users\yy\miniconda3\lib\site-packages\urllib3\connectionpool.py", line 421, in _make_request
    httplib_response = conn.getresponse()
  File "c:\users\yy\miniconda3\lib\http\client.py", line 1347, in getresponse
    response.begin()
  File "c:\users\yy\miniconda3\lib\http\client.py", line 307, in begin
    version, status, reason = self._read_status()
  File "c:\users\yy\miniconda3\lib\http\client.py", line 268, in _read_status
    line = str(self.fp.readline(_MAXLINE + 1), "iso-8859-1")
  File "c:\users\yy\miniconda3\lib\socket.py", line 669, in readinto
    return self._sock.recv_into(b)
  File "c:\users\yy\miniconda3\lib\ssl.py", line 1241, in recv_into
    return self.read(nbytes, buffer)
  File "c:\users\yy\miniconda3\lib\ssl.py", line 1099, in read
    return self._sslobj.read(len, buffer)
socket.timeout: The read operation timed out

During handling of the above exception, another exception occurred:

Traceback (most recent call last):
  File "c:\users\yy\miniconda3\lib\site-packages\requests\adapters.py", line 439, in send
    resp = conn.urlopen(
  File "c:\users\yy\miniconda3\lib\site-packages\urllib3\connectionpool.py", line 726, in urlopen
    retries = retries.increment(
  File "c:\users\yy\miniconda3\lib\site-packages\urllib3\util\retry.py", line 410, in increment
    raise six.reraise(type(error), error, _stacktrace)
  File "c:\users\yy\miniconda3\lib\site-packages\urllib3\packages\six.py", line 735, in reraise
    raise value
  File "c:\users\yy\miniconda3\lib\site-packages\urllib3\connectionpool.py", line 670, in urlopen
    httplib_response = self._make_request(
  File "c:\users\yy\miniconda3\lib\site-packages\urllib3\connectionpool.py", line 428, in _make_request
    self._raise_timeout(err=e, url=url, timeout_value=read_timeout)
  File "c:\users\yy\miniconda3\lib\site-packages\urllib3\connectionpool.py", line 335, in _raise_timeout
    raise ReadTimeoutError(
urllib3.exceptions.ReadTimeoutError: HTTPSConnectionPool(host='api.wandb.ai', port=443): Read timed out. (read timeout=10)

During handling of the above exception, another exception occurred:

Traceback (most recent call last):
  File "c:\users\yy\miniconda3\lib\site-packages\wandb\sdk\lib\retry.py", line 108, in __call__
    result = self._call_fn(*args, **kwargs)
  File "c:\users\yy\miniconda3\lib\site-packages\wandb\sdk\internal\internal_api.py", line 158, in execute
    return self.client.execute(*args, **kwargs)
  File "c:\users\yy\miniconda3\lib\site-packages\wandb\vendor\gql-0.2.0\wandb_gql\client.py", line 52, in execute
    result = self._get_result(document, *args, **kwargs)
  File "c:\users\yy\miniconda3\lib\site-packages\wandb\vendor\gql-0.2.0\wandb_gql\client.py", line 60, in _get_result
    return self.transport.execute(document, *args, **kwargs)
  File "c:\users\yy\miniconda3\lib\site-packages\wandb\vendor\gql-0.2.0\wandb_gql\transport\requests.py", line 38, in execute
    request = requests.post(self.url, **post_args)
  File "c:\users\yy\miniconda3\lib\site-packages\requests\api.py", line 119, in post
    return request('post', url, data=data, json=json, **kwargs)
  File "c:\users\yy\miniconda3\lib\site-packages\requests\api.py", line 61, in request
    return session.request(method=method, url=url, **kwargs)
  File "c:\users\yy\miniconda3\lib\site-packages\requests\sessions.py", line 530, in request
    resp = self.send(prep, **send_kwargs)
  File "c:\users\yy\miniconda3\lib\site-packages\requests\sessions.py", line 643, in send
    r = adapter.send(request, **kwargs)
  File "c:\users\yy\miniconda3\lib\site-packages\requests\adapters.py", line 529, in send
    raise ReadTimeout(e, request=request)
requests.exceptions.ReadTimeout: HTTPSConnectionPool(host='api.wandb.ai', port=443): Read timed out. (read timeout=10)
2022-07-25 09:36:07,690 DEBUG   HandlerThread:42284 [handler.py:handle_request():140] handle_request: stop_status
2022-07-25 09:36:17,298 INFO    Thread-11 :42284 [dir_watcher.py:_on_file_modified():286] file/dir modified: D:\my_code_2\my_code\tutorial-MixMatch-master\wandb\run-20220725_093441-2fw995xd\files\output.log
2022-07-25 09:36:23,011 DEBUG   SenderThread:42284 [sender.py:send():236] send: stats
2022-07-25 09:36:23,012 DEBUG   SenderThread:42284 [sender.py:send_request():250] send_request: stop_status
2022-07-25 09:36:23,361 INFO    Thread-11 :42284 [dir_watcher.py:_on_file_modified():286] file/dir modified: D:\my_code_2\my_code\tutorial-MixMatch-master\wandb\run-20220725_093441-2fw995xd\files\config.yaml
2022-07-25 09:36:23,983 DEBUG   SenderThread:42284 [sender.py:send_request():250] send_request: stop_status
2022-07-25 09:36:24,566 DEBUG   SenderThread:42284 [sender.py:send():236] send: stats
2022-07-25 09:36:24,567 DEBUG   SenderThread:42284 [sender.py:send_request():250] send_request: stop_status
2022-07-25 09:36:27,725 DEBUG   HandlerThread:42284 [handler.py:handle_request():140] handle_request: stop_status
2022-07-25 09:36:27,725 DEBUG   SenderThread:42284 [sender.py:send_request():250] send_request: stop_status
2022-07-25 09:36:35,127 DEBUG   SenderThread:42284 [sender.py:send():236] send: stats
2022-07-25 09:36:43,706 DEBUG   HandlerThread:42284 [handler.py:handle_request():140] handle_request: stop_status
2022-07-25 09:36:43,707 DEBUG   SenderThread:42284 [sender.py:send_request():250] send_request: stop_status
2022-07-25 09:36:59,515 DEBUG   HandlerThread:42284 [handler.py:handle_request():140] handle_request: stop_status
2022-07-25 09:36:59,515 DEBUG   SenderThread:42284 [sender.py:send_request():250] send_request: stop_status
2022-07-25 09:37:00,804 INFO    Thread-11 :42284 [dir_watcher.py:_on_file_modified():286] file/dir modified: D:\my_code_2\my_code\tutorial-MixMatch-master\wandb\run-20220725_093441-2fw995xd\files\output.log
2022-07-25 09:37:11,828 DEBUG   SenderThread:42284 [sender.py:send():236] send: stats
2022-07-25 09:37:15,129 DEBUG   HandlerThread:42284 [handler.py:handle_request():140] handle_request: stop_status
2022-07-25 09:37:15,129 DEBUG   SenderThread:42284 [sender.py:send_request():250] send_request: stop_status
2022-07-25 09:37:30,768 DEBUG   HandlerThread:42284 [handler.py:handle_request():140] handle_request: stop_status
2022-07-25 09:37:30,769 DEBUG   SenderThread:42284 [sender.py:send_request():250] send_request: stop_status
2022-07-25 09:37:41,234 INFO    Thread-11 :42284 [dir_watcher.py:_on_file_modified():286] file/dir modified: D:\my_code_2\my_code\tutorial-MixMatch-master\wandb\run-20220725_093441-2fw995xd\files\output.log
2022-07-25 09:37:47,275 DEBUG   HandlerThread:42284 [handler.py:handle_request():140] handle_request: stop_status
2022-07-25 09:37:47,276 DEBUG   SenderThread:42284 [sender.py:send_request():250] send_request: stop_status
2022-07-25 09:37:48,403 DEBUG   SenderThread:42284 [sender.py:send():236] send: stats
2022-07-25 09:38:03,071 DEBUG   HandlerThread:42284 [handler.py:handle_request():140] handle_request: stop_status
2022-07-25 09:38:03,072 DEBUG   SenderThread:42284 [sender.py:send_request():250] send_request: stop_status
2022-07-25 09:38:17,650 INFO    Thread-11 :42284 [dir_watcher.py:_on_file_modified():286] file/dir modified: D:\my_code_2\my_code\tutorial-MixMatch-master\wandb\run-20220725_093441-2fw995xd\files\output.log
2022-07-25 09:38:18,868 DEBUG   HandlerThread:42284 [handler.py:handle_request():140] handle_request: stop_status
2022-07-25 09:38:18,868 DEBUG   SenderThread:42284 [sender.py:send_request():250] send_request: stop_status
2022-07-25 09:38:25,120 DEBUG   SenderThread:42284 [sender.py:send():236] send: stats
2022-07-25 09:38:35,749 DEBUG   HandlerThread:42284 [handler.py:handle_request():140] handle_request: stop_status
2022-07-25 09:38:35,750 DEBUG   SenderThread:42284 [sender.py:send_request():250] send_request: stop_status
2022-07-25 09:38:51,307 DEBUG   HandlerThread:42284 [handler.py:handle_request():140] handle_request: stop_status
2022-07-25 09:38:51,308 DEBUG   SenderThread:42284 [sender.py:send_request():250] send_request: stop_status
2022-07-25 09:38:54,031 INFO    Thread-11 :42284 [dir_watcher.py:_on_file_modified():286] file/dir modified: D:\my_code_2\my_code\tutorial-MixMatch-master\wandb\run-20220725_093441-2fw995xd\files\output.log
2022-07-25 09:39:01,679 DEBUG   SenderThread:42284 [sender.py:send():236] send: stats
2022-07-25 09:39:06,932 DEBUG   HandlerThread:42284 [handler.py:handle_request():140] handle_request: stop_status
2022-07-25 09:39:06,932 DEBUG   SenderThread:42284 [sender.py:send_request():250] send_request: stop_status
2022-07-25 09:39:22,540 DEBUG   HandlerThread:42284 [handler.py:handle_request():140] handle_request: stop_status
2022-07-25 09:39:22,540 DEBUG   SenderThread:42284 [sender.py:send_request():250] send_request: stop_status
2022-07-25 09:39:30,379 INFO    Thread-11 :42284 [dir_watcher.py:_on_file_modified():286] file/dir modified: D:\my_code_2\my_code\tutorial-MixMatch-master\wandb\run-20220725_093441-2fw995xd\files\output.log
2022-07-25 09:39:38,249 DEBUG   HandlerThread:42284 [handler.py:handle_request():140] handle_request: stop_status
2022-07-25 09:39:38,249 DEBUG   SenderThread:42284 [sender.py:send_request():250] send_request: stop_status
2022-07-25 09:39:39,306 DEBUG   SenderThread:42284 [sender.py:send():236] send: stats
2022-07-25 09:39:54,334 DEBUG   HandlerThread:42284 [handler.py:handle_request():140] handle_request: stop_status
2022-07-25 09:39:54,334 DEBUG   SenderThread:42284 [sender.py:send_request():250] send_request: stop_status
2022-07-25 09:40:06,755 INFO    Thread-11 :42284 [dir_watcher.py:_on_file_modified():286] file/dir modified: D:\my_code_2\my_code\tutorial-MixMatch-master\wandb\run-20220725_093441-2fw995xd\files\output.log
2022-07-25 09:40:09,926 DEBUG   HandlerThread:42284 [handler.py:handle_request():140] handle_request: stop_status
2022-07-25 09:40:09,927 DEBUG   SenderThread:42284 [sender.py:send_request():250] send_request: stop_status
2022-07-25 09:40:14,831 DEBUG   SenderThread:42284 [sender.py:send():236] send: stats
2022-07-25 09:40:25,582 DEBUG   HandlerThread:42284 [handler.py:handle_request():140] handle_request: stop_status
2022-07-25 09:40:25,582 DEBUG   SenderThread:42284 [sender.py:send_request():250] send_request: stop_status
2022-07-25 09:40:41,193 DEBUG   HandlerThread:42284 [handler.py:handle_request():140] handle_request: stop_status
2022-07-25 09:40:41,193 DEBUG   SenderThread:42284 [sender.py:send_request():250] send_request: stop_status
2022-07-25 09:40:42,140 INFO    Thread-11 :42284 [dir_watcher.py:_on_file_modified():286] file/dir modified: D:\my_code_2\my_code\tutorial-MixMatch-master\wandb\run-20220725_093441-2fw995xd\files\output.log
2022-07-25 09:40:51,392 DEBUG   SenderThread:42284 [sender.py:send():236] send: stats
2022-07-25 09:40:56,866 DEBUG   HandlerThread:42284 [handler.py:handle_request():140] handle_request: stop_status
2022-07-25 09:40:56,866 DEBUG   SenderThread:42284 [sender.py:send_request():250] send_request: stop_status
2022-07-25 09:41:12,514 DEBUG   HandlerThread:42284 [handler.py:handle_request():140] handle_request: stop_status
2022-07-25 09:41:12,515 DEBUG   SenderThread:42284 [sender.py:send_request():250] send_request: stop_status
2022-07-25 09:41:16,437 INFO    Thread-11 :42284 [dir_watcher.py:_on_file_modified():286] file/dir modified: D:\my_code_2\my_code\tutorial-MixMatch-master\wandb\run-20220725_093441-2fw995xd\files\output.log
2022-07-25 09:41:28,070 DEBUG   SenderThread:42284 [sender.py:send():236] send: stats
2022-07-25 09:41:28,116 DEBUG   HandlerThread:42284 [handler.py:handle_request():140] handle_request: stop_status
2022-07-25 09:41:28,117 DEBUG   SenderThread:42284 [sender.py:send_request():250] send_request: stop_status
2022-07-25 09:41:43,702 DEBUG   HandlerThread:42284 [handler.py:handle_request():140] handle_request: stop_status
2022-07-25 09:41:43,702 DEBUG   SenderThread:42284 [sender.py:send_request():250] send_request: stop_status
2022-07-25 09:41:54,864 INFO    Thread-11 :42284 [dir_watcher.py:_on_file_modified():286] file/dir modified: D:\my_code_2\my_code\tutorial-MixMatch-master\wandb\run-20220725_093441-2fw995xd\files\output.log
2022-07-25 09:41:59,280 DEBUG   HandlerThread:42284 [handler.py:handle_request():140] handle_request: stop_status
2022-07-25 09:41:59,281 DEBUG   SenderThread:42284 [sender.py:send_request():250] send_request: stop_status
2022-07-25 09:42:04,644 DEBUG   SenderThread:42284 [sender.py:send():236] send: stats
2022-07-25 09:42:14,885 DEBUG   HandlerThread:42284 [handler.py:handle_request():140] handle_request: stop_status
2022-07-25 09:42:14,886 DEBUG   SenderThread:42284 [sender.py:send_request():250] send_request: stop_status
2022-07-25 09:42:29,235 INFO    Thread-11 :42284 [dir_watcher.py:_on_file_modified():286] file/dir modified: D:\my_code_2\my_code\tutorial-MixMatch-master\wandb\run-20220725_093441-2fw995xd\files\output.log
2022-07-25 09:42:31,312 DEBUG   HandlerThread:42284 [handler.py:handle_request():140] handle_request: stop_status
2022-07-25 09:42:31,313 DEBUG   SenderThread:42284 [sender.py:send_request():250] send_request: stop_status
2022-07-25 09:42:41,241 DEBUG   SenderThread:42284 [sender.py:send():236] send: stats
2022-07-25 09:42:46,920 DEBUG   HandlerThread:42284 [handler.py:handle_request():140] handle_request: stop_status
2022-07-25 09:42:46,920 DEBUG   SenderThread:42284 [sender.py:send_request():250] send_request: stop_status
2022-07-25 09:43:02,447 DEBUG   HandlerThread:42284 [handler.py:handle_request():140] handle_request: stop_status
2022-07-25 09:43:02,447 DEBUG   SenderThread:42284 [sender.py:send_request():250] send_request: stop_status
2022-07-25 09:43:05,656 INFO    Thread-11 :42284 [dir_watcher.py:_on_file_modified():286] file/dir modified: D:\my_code_2\my_code\tutorial-MixMatch-master\wandb\run-20220725_093441-2fw995xd\files\output.log
2022-07-25 09:43:17,917 DEBUG   SenderThread:42284 [sender.py:send():236] send: stats
2022-07-25 09:43:17,999 DEBUG   HandlerThread:42284 [handler.py:handle_request():140] handle_request: stop_status
2022-07-25 09:43:17,999 DEBUG   SenderThread:42284 [sender.py:send_request():250] send_request: stop_status
2022-07-25 09:43:33,738 DEBUG   HandlerThread:42284 [handler.py:handle_request():140] handle_request: stop_status
2022-07-25 09:43:33,738 DEBUG   SenderThread:42284 [sender.py:send_request():250] send_request: stop_status
2022-07-25 09:43:41,100 INFO    Thread-11 :42284 [dir_watcher.py:_on_file_modified():286] file/dir modified: D:\my_code_2\my_code\tutorial-MixMatch-master\wandb\run-20220725_093441-2fw995xd\files\output.log
2022-07-25 09:43:49,327 DEBUG   HandlerThread:42284 [handler.py:handle_request():140] handle_request: stop_status
2022-07-25 09:43:49,327 DEBUG   SenderThread:42284 [sender.py:send_request():250] send_request: stop_status
2022-07-25 09:43:54,509 DEBUG   SenderThread:42284 [sender.py:send():236] send: stats
2022-07-25 09:44:04,939 DEBUG   HandlerThread:42284 [handler.py:handle_request():140] handle_request: stop_status
2022-07-25 09:44:04,939 DEBUG   SenderThread:42284 [sender.py:send_request():250] send_request: stop_status
2022-07-25 09:44:17,440 INFO    Thread-11 :42284 [dir_watcher.py:_on_file_modified():286] file/dir modified: D:\my_code_2\my_code\tutorial-MixMatch-master\wandb\run-20220725_093441-2fw995xd\files\output.log
2022-07-25 09:44:20,798 DEBUG   HandlerThread:42284 [handler.py:handle_request():140] handle_request: stop_status
2022-07-25 09:44:20,799 DEBUG   SenderThread:42284 [sender.py:send_request():250] send_request: stop_status
2022-07-25 09:44:31,040 DEBUG   SenderThread:42284 [sender.py:send():236] send: stats
2022-07-25 09:44:36,462 DEBUG   HandlerThread:42284 [handler.py:handle_request():140] handle_request: stop_status
2022-07-25 09:44:36,463 DEBUG   SenderThread:42284 [sender.py:send_request():250] send_request: stop_status
2022-07-25 09:44:52,106 DEBUG   HandlerThread:42284 [handler.py:handle_request():140] handle_request: stop_status
2022-07-25 09:44:52,106 DEBUG   SenderThread:42284 [sender.py:send_request():250] send_request: stop_status
2022-07-25 09:44:53,872 INFO    Thread-11 :42284 [dir_watcher.py:_on_file_modified():286] file/dir modified: D:\my_code_2\my_code\tutorial-MixMatch-master\wandb\run-20220725_093441-2fw995xd\files\output.log
2022-07-25 09:45:07,610 DEBUG   SenderThread:42284 [sender.py:send():236] send: stats
2022-07-25 09:45:07,668 DEBUG   HandlerThread:42284 [handler.py:handle_request():140] handle_request: stop_status
2022-07-25 09:45:07,669 DEBUG   SenderThread:42284 [sender.py:send_request():250] send_request: stop_status
2022-07-25 09:45:23,343 DEBUG   HandlerThread:42284 [handler.py:handle_request():140] handle_request: stop_status
2022-07-25 09:45:23,344 DEBUG   SenderThread:42284 [sender.py:send_request():250] send_request: stop_status
2022-07-25 09:45:30,286 INFO    Thread-11 :42284 [dir_watcher.py:_on_file_modified():286] file/dir modified: D:\my_code_2\my_code\tutorial-MixMatch-master\wandb\run-20220725_093441-2fw995xd\files\output.log
2022-07-25 09:45:39,190 DEBUG   HandlerThread:42284 [handler.py:handle_request():140] handle_request: stop_status
2022-07-25 09:45:39,191 DEBUG   SenderThread:42284 [sender.py:send_request():250] send_request: stop_status
2022-07-25 09:45:44,183 DEBUG   SenderThread:42284 [sender.py:send():236] send: stats
2022-07-25 09:45:54,799 DEBUG   HandlerThread:42284 [handler.py:handle_request():140] handle_request: stop_status
2022-07-25 09:45:54,799 DEBUG   SenderThread:42284 [sender.py:send_request():250] send_request: stop_status
2022-07-25 09:46:04,665 INFO    Thread-11 :42284 [dir_watcher.py:_on_file_modified():286] file/dir modified: D:\my_code_2\my_code\tutorial-MixMatch-master\wandb\run-20220725_093441-2fw995xd\files\output.log
2022-07-25 09:46:11,080 DEBUG   HandlerThread:42284 [handler.py:handle_request():140] handle_request: stop_status
2022-07-25 09:46:11,081 DEBUG   SenderThread:42284 [sender.py:send_request():250] send_request: stop_status
2022-07-25 09:46:20,621 DEBUG   SenderThread:42284 [sender.py:send():236] send: stats
2022-07-25 09:46:26,705 DEBUG   HandlerThread:42284 [handler.py:handle_request():140] handle_request: stop_status
2022-07-25 09:46:26,706 DEBUG   SenderThread:42284 [sender.py:send_request():250] send_request: stop_status
2022-07-25 09:46:42,346 DEBUG   HandlerThread:42284 [handler.py:handle_request():140] handle_request: stop_status
2022-07-25 09:46:42,346 DEBUG   SenderThread:42284 [sender.py:send_request():250] send_request: stop_status
2022-07-25 09:46:43,107 INFO    Thread-11 :42284 [dir_watcher.py:_on_file_modified():286] file/dir modified: D:\my_code_2\my_code\tutorial-MixMatch-master\wandb\run-20220725_093441-2fw995xd\files\output.log
2022-07-25 09:46:57,405 DEBUG   SenderThread:42284 [sender.py:send():236] send: stats
2022-07-25 09:46:57,960 DEBUG   HandlerThread:42284 [handler.py:handle_request():140] handle_request: stop_status
2022-07-25 09:46:57,960 DEBUG   SenderThread:42284 [sender.py:send_request():250] send_request: stop_status
2022-07-25 09:47:13,627 DEBUG   HandlerThread:42284 [handler.py:handle_request():140] handle_request: stop_status
2022-07-25 09:47:13,627 DEBUG   SenderThread:42284 [sender.py:send_request():250] send_request: stop_status
2022-07-25 09:47:20,532 INFO    Thread-11 :42284 [dir_watcher.py:_on_file_modified():286] file/dir modified: D:\my_code_2\my_code\tutorial-MixMatch-master\wandb\run-20220725_093441-2fw995xd\files\output.log
2022-07-25 09:47:29,281 DEBUG   HandlerThread:42284 [handler.py:handle_request():140] handle_request: stop_status
2022-07-25 09:47:29,282 DEBUG   SenderThread:42284 [sender.py:send_request():250] send_request: stop_status
2022-07-25 09:47:34,322 DEBUG   SenderThread:42284 [sender.py:send():236] send: stats
2022-07-25 09:47:44,902 DEBUG   HandlerThread:42284 [handler.py:handle_request():140] handle_request: stop_status
2022-07-25 09:47:44,903 DEBUG   SenderThread:42284 [sender.py:send_request():250] send_request: stop_status
2022-07-25 09:48:00,747 DEBUG   HandlerThread:42284 [handler.py:handle_request():140] handle_request: stop_status
2022-07-25 09:48:00,747 DEBUG   SenderThread:42284 [sender.py:send_request():250] send_request: stop_status
2022-07-25 09:48:11,458 INFO    Thread-11 :42284 [dir_watcher.py:_on_file_modified():286] file/dir modified: D:\my_code_2\my_code\tutorial-MixMatch-master\wandb\run-20220725_093441-2fw995xd\files\output.log
2022-07-25 09:48:11,938 DEBUG   SenderThread:42284 [sender.py:send():236] send: stats
2022-07-25 09:48:16,467 DEBUG   HandlerThread:42284 [handler.py:handle_request():140] handle_request: stop_status
2022-07-25 09:48:16,468 DEBUG   SenderThread:42284 [sender.py:send_request():250] send_request: stop_status
2022-07-25 09:48:32,203 DEBUG   HandlerThread:42284 [handler.py:handle_request():140] handle_request: stop_status
2022-07-25 09:48:32,203 DEBUG   SenderThread:42284 [sender.py:send_request():250] send_request: stop_status
2022-07-25 09:48:47,825 INFO    Thread-11 :42284 [dir_watcher.py:_on_file_modified():286] file/dir modified: D:\my_code_2\my_code\tutorial-MixMatch-master\wandb\run-20220725_093441-2fw995xd\files\output.log
2022-07-25 09:48:47,856 DEBUG   HandlerThread:42284 [handler.py:handle_request():140] handle_request: stop_status
2022-07-25 09:48:47,857 DEBUG   SenderThread:42284 [sender.py:send_request():250] send_request: stop_status
2022-07-25 09:48:48,424 DEBUG   SenderThread:42284 [sender.py:send():236] send: stats
2022-07-25 09:49:03,439 DEBUG   HandlerThread:42284 [handler.py:handle_request():140] handle_request: stop_status
2022-07-25 09:49:03,440 DEBUG   SenderThread:42284 [sender.py:send_request():250] send_request: stop_status
2022-07-25 09:49:19,046 DEBUG   HandlerThread:42284 [handler.py:handle_request():140] handle_request: stop_status
2022-07-25 09:49:19,047 DEBUG   SenderThread:42284 [sender.py:send_request():250] send_request: stop_status
2022-07-25 09:49:25,168 DEBUG   SenderThread:42284 [sender.py:send():236] send: stats
2022-07-25 09:49:27,209 INFO    Thread-11 :42284 [dir_watcher.py:_on_file_modified():286] file/dir modified: D:\my_code_2\my_code\tutorial-MixMatch-master\wandb\run-20220725_093441-2fw995xd\files\output.log
2022-07-25 09:49:34,992 DEBUG   HandlerThread:42284 [handler.py:handle_request():140] handle_request: stop_status
2022-07-25 09:49:34,992 DEBUG   SenderThread:42284 [sender.py:send_request():250] send_request: stop_status
2022-07-25 09:49:50,865 DEBUG   HandlerThread:42284 [handler.py:handle_request():140] handle_request: stop_status
2022-07-25 09:49:50,865 DEBUG   SenderThread:42284 [sender.py:send_request():250] send_request: stop_status
2022-07-25 09:50:01,849 DEBUG   SenderThread:42284 [sender.py:send():236] send: stats
2022-07-25 09:50:03,588 INFO    Thread-11 :42284 [dir_watcher.py:_on_file_modified():286] file/dir modified: D:\my_code_2\my_code\tutorial-MixMatch-master\wandb\run-20220725_093441-2fw995xd\files\output.log
2022-07-25 09:50:06,722 DEBUG   HandlerThread:42284 [handler.py:handle_request():140] handle_request: stop_status
2022-07-25 09:50:06,723 DEBUG   SenderThread:42284 [sender.py:send_request():250] send_request: stop_status
2022-07-25 09:50:23,019 DEBUG   HandlerThread:42284 [handler.py:handle_request():140] handle_request: stop_status
2022-07-25 09:50:23,019 DEBUG   SenderThread:42284 [sender.py:send_request():250] send_request: stop_status
2022-07-25 09:50:38,322 DEBUG   SenderThread:42284 [sender.py:send():236] send: stats
2022-07-25 09:50:38,692 DEBUG   HandlerThread:42284 [handler.py:handle_request():140] handle_request: stop_status
2022-07-25 09:50:38,692 DEBUG   SenderThread:42284 [sender.py:send_request():250] send_request: stop_status
2022-07-25 09:50:39,980 INFO    Thread-11 :42284 [dir_watcher.py:_on_file_modified():286] file/dir modified: D:\my_code_2\my_code\tutorial-MixMatch-master\wandb\run-20220725_093441-2fw995xd\files\output.log
2022-07-25 09:50:54,317 DEBUG   HandlerThread:42284 [handler.py:handle_request():140] handle_request: stop_status
2022-07-25 09:50:54,318 DEBUG   SenderThread:42284 [sender.py:send_request():250] send_request: stop_status
2022-07-25 09:51:09,897 DEBUG   HandlerThread:42284 [handler.py:handle_request():140] handle_request: stop_status
2022-07-25 09:51:09,898 DEBUG   SenderThread:42284 [sender.py:send_request():250] send_request: stop_status
2022-07-25 09:51:14,985 DEBUG   SenderThread:42284 [sender.py:send():236] send: stats
2022-07-25 09:51:16,362 INFO    Thread-11 :42284 [dir_watcher.py:_on_file_modified():286] file/dir modified: D:\my_code_2\my_code\tutorial-MixMatch-master\wandb\run-20220725_093441-2fw995xd\files\output.log
2022-07-25 09:51:25,492 DEBUG   HandlerThread:42284 [handler.py:handle_request():140] handle_request: stop_status
2022-07-25 09:51:25,493 DEBUG   SenderThread:42284 [sender.py:send_request():250] send_request: stop_status
2022-07-25 09:51:41,191 DEBUG   HandlerThread:42284 [handler.py:handle_request():140] handle_request: stop_status
2022-07-25 09:51:41,191 DEBUG   SenderThread:42284 [sender.py:send_request():250] send_request: stop_status
2022-07-25 09:51:51,494 DEBUG   SenderThread:42284 [sender.py:send():236] send: stats
2022-07-25 09:51:52,701 INFO    Thread-11 :42284 [dir_watcher.py:_on_file_modified():286] file/dir modified: D:\my_code_2\my_code\tutorial-MixMatch-master\wandb\run-20220725_093441-2fw995xd\files\output.log
2022-07-25 09:51:56,770 DEBUG   HandlerThread:42284 [handler.py:handle_request():140] handle_request: stop_status
2022-07-25 09:51:56,770 DEBUG   SenderThread:42284 [sender.py:send_request():250] send_request: stop_status
2022-07-25 09:52:12,562 DEBUG   HandlerThread:42284 [handler.py:handle_request():140] handle_request: stop_status
2022-07-25 09:52:12,562 DEBUG   SenderThread:42284 [sender.py:send_request():250] send_request: stop_status
2022-07-25 09:52:27,984 DEBUG   SenderThread:42284 [sender.py:send():236] send: stats
2022-07-25 09:52:28,133 DEBUG   HandlerThread:42284 [handler.py:handle_request():140] handle_request: stop_status
2022-07-25 09:52:28,133 DEBUG   SenderThread:42284 [sender.py:send_request():250] send_request: stop_status
2022-07-25 09:52:29,111 INFO    Thread-11 :42284 [dir_watcher.py:_on_file_modified():286] file/dir modified: D:\my_code_2\my_code\tutorial-MixMatch-master\wandb\run-20220725_093441-2fw995xd\files\output.log
2022-07-25 09:52:43,728 DEBUG   HandlerThread:42284 [handler.py:handle_request():140] handle_request: stop_status
2022-07-25 09:52:43,729 DEBUG   SenderThread:42284 [sender.py:send_request():250] send_request: stop_status
2022-07-25 09:52:59,511 DEBUG   HandlerThread:42284 [handler.py:handle_request():140] handle_request: stop_status
2022-07-25 09:52:59,512 DEBUG   SenderThread:42284 [sender.py:send_request():250] send_request: stop_status
2022-07-25 09:53:04,572 INFO    Thread-11 :42284 [dir_watcher.py:_on_file_modified():286] file/dir modified: D:\my_code_2\my_code\tutorial-MixMatch-master\wandb\run-20220725_093441-2fw995xd\files\output.log
2022-07-25 09:53:04,575 DEBUG   SenderThread:42284 [sender.py:send():236] send: stats
2022-07-25 09:53:15,089 DEBUG   HandlerThread:42284 [handler.py:handle_request():140] handle_request: stop_status
2022-07-25 09:53:15,090 DEBUG   SenderThread:42284 [sender.py:send_request():250] send_request: stop_status
2022-07-25 09:53:30,869 DEBUG   HandlerThread:42284 [handler.py:handle_request():140] handle_request: stop_status
2022-07-25 09:53:30,870 DEBUG   SenderThread:42284 [sender.py:send_request():250] send_request: stop_status
2022-07-25 09:53:38,894 INFO    Thread-11 :42284 [dir_watcher.py:_on_file_modified():286] file/dir modified: D:\my_code_2\my_code\tutorial-MixMatch-master\wandb\run-20220725_093441-2fw995xd\files\output.log
2022-07-25 09:53:41,192 DEBUG   SenderThread:42284 [sender.py:send():236] send: stats
2022-07-25 09:53:46,706 DEBUG   HandlerThread:42284 [handler.py:handle_request():140] handle_request: stop_status
2022-07-25 09:53:46,706 DEBUG   SenderThread:42284 [sender.py:send_request():250] send_request: stop_status
2022-07-25 09:54:02,389 DEBUG   HandlerThread:42284 [handler.py:handle_request():140] handle_request: stop_status
2022-07-25 09:54:02,390 DEBUG   SenderThread:42284 [sender.py:send_request():250] send_request: stop_status
2022-07-25 09:54:15,240 INFO    Thread-11 :42284 [dir_watcher.py:_on_file_modified():286] file/dir modified: D:\my_code_2\my_code\tutorial-MixMatch-master\wandb\run-20220725_093441-2fw995xd\files\output.log
2022-07-25 09:54:17,727 DEBUG   SenderThread:42284 [sender.py:send():236] send: stats
2022-07-25 09:54:17,953 DEBUG   HandlerThread:42284 [handler.py:handle_request():140] handle_request: stop_status
2022-07-25 09:54:17,954 DEBUG   SenderThread:42284 [sender.py:send_request():250] send_request: stop_status
2022-07-25 09:54:33,550 DEBUG   HandlerThread:42284 [handler.py:handle_request():140] handle_request: stop_status
2022-07-25 09:54:33,551 DEBUG   SenderThread:42284 [sender.py:send_request():250] send_request: stop_status
2022-07-25 09:54:49,134 DEBUG   HandlerThread:42284 [handler.py:handle_request():140] handle_request: stop_status
2022-07-25 09:54:49,134 DEBUG   SenderThread:42284 [sender.py:send_request():250] send_request: stop_status
2022-07-25 09:54:51,630 INFO    Thread-11 :42284 [dir_watcher.py:_on_file_modified():286] file/dir modified: D:\my_code_2\my_code\tutorial-MixMatch-master\wandb\run-20220725_093441-2fw995xd\files\output.log
2022-07-25 09:54:54,204 DEBUG   SenderThread:42284 [sender.py:send():236] send: stats
2022-07-25 09:54:55,674 INFO    Thread-11 :42284 [dir_watcher.py:_on_file_modified():286] file/dir modified: D:\my_code_2\my_code\tutorial-MixMatch-master\wandb\run-20220725_093441-2fw995xd\files\output.log
2022-07-25 09:54:59,706 INFO    Thread-11 :42284 [dir_watcher.py:_on_file_modified():286] file/dir modified: D:\my_code_2\my_code\tutorial-MixMatch-master\wandb\run-20220725_093441-2fw995xd\files\output.log
2022-07-25 09:54:59,950 DEBUG   HandlerThread:42284 [handler.py:handle_request():140] handle_request: pause
2022-07-25 09:54:59,950 INFO    HandlerThread:42284 [handler.py:handle_request_pause():695] stopping system metrics thread
2022-07-25 09:55:00,150 DEBUG   HandlerThread:42284 [handler.py:handle_request():140] handle_request: pause
2022-07-25 09:55:00,150 INFO    HandlerThread:42284 [handler.py:handle_request_pause():695] stopping system metrics thread
2022-07-25 09:55:00,151 DEBUG   SenderThread:42284 [sender.py:send():236] send: stats
2022-07-25 09:55:04,807 DEBUG   HandlerThread:42284 [handler.py:handle_request():140] handle_request: stop_status
2022-07-25 09:55:04,807 DEBUG   SenderThread:42284 [sender.py:send_request():250] send_request: stop_status
2022-07-25 09:55:20,428 DEBUG   HandlerThread:42284 [handler.py:handle_request():140] handle_request: stop_status
2022-07-25 09:55:20,428 DEBUG   SenderThread:42284 [sender.py:send_request():250] send_request: stop_status
2022-07-25 09:55:36,050 DEBUG   HandlerThread:42284 [handler.py:handle_request():140] handle_request: stop_status
2022-07-25 09:55:36,050 DEBUG   SenderThread:42284 [sender.py:send_request():250] send_request: stop_status
2022-07-25 09:55:51,635 DEBUG   HandlerThread:42284 [handler.py:handle_request():140] handle_request: stop_status
2022-07-25 09:55:51,635 DEBUG   SenderThread:42284 [sender.py:send_request():250] send_request: stop_status
2022-07-25 09:56:07,195 DEBUG   HandlerThread:42284 [handler.py:handle_request():140] handle_request: stop_status
2022-07-25 09:56:07,195 DEBUG   SenderThread:42284 [sender.py:send_request():250] send_request: stop_status
2022-07-25 09:56:22,880 DEBUG   HandlerThread:42284 [handler.py:handle_request():140] handle_request: stop_status
2022-07-25 09:56:22,881 DEBUG   SenderThread:42284 [sender.py:send_request():250] send_request: stop_status
2022-07-25 09:56:38,487 DEBUG   HandlerThread:42284 [handler.py:handle_request():140] handle_request: stop_status
2022-07-25 09:56:38,488 DEBUG   SenderThread:42284 [sender.py:send_request():250] send_request: stop_status
2022-07-25 09:56:54,166 DEBUG   HandlerThread:42284 [handler.py:handle_request():140] handle_request: stop_status
2022-07-25 09:56:54,166 DEBUG   SenderThread:42284 [sender.py:send_request():250] send_request: stop_status
2022-07-25 09:57:09,694 DEBUG   HandlerThread:42284 [handler.py:handle_request():140] handle_request: stop_status
2022-07-25 09:57:09,694 DEBUG   SenderThread:42284 [sender.py:send_request():250] send_request: stop_status
2022-07-25 09:57:25,345 DEBUG   HandlerThread:42284 [handler.py:handle_request():140] handle_request: stop_status
2022-07-25 09:57:25,345 DEBUG   SenderThread:42284 [sender.py:send_request():250] send_request: stop_status
2022-07-25 09:57:40,896 DEBUG   HandlerThread:42284 [handler.py:handle_request():140] handle_request: stop_status
2022-07-25 09:57:40,896 DEBUG   SenderThread:42284 [sender.py:send_request():250] send_request: stop_status
2022-07-25 09:57:56,460 DEBUG   HandlerThread:42284 [handler.py:handle_request():140] handle_request: stop_status
2022-07-25 09:57:56,460 DEBUG   SenderThread:42284 [sender.py:send_request():250] send_request: stop_status
2022-07-25 09:58:12,076 DEBUG   HandlerThread:42284 [handler.py:handle_request():140] handle_request: stop_status
2022-07-25 09:58:12,076 DEBUG   SenderThread:42284 [sender.py:send_request():250] send_request: stop_status
2022-07-25 09:58:27,636 DEBUG   HandlerThread:42284 [handler.py:handle_request():140] handle_request: stop_status
2022-07-25 09:58:27,637 DEBUG   SenderThread:42284 [sender.py:send_request():250] send_request: stop_status
2022-07-25 09:58:43,164 DEBUG   HandlerThread:42284 [handler.py:handle_request():140] handle_request: stop_status
2022-07-25 09:58:43,164 DEBUG   SenderThread:42284 [sender.py:send_request():250] send_request: stop_status
2022-07-25 09:58:58,719 DEBUG   HandlerThread:42284 [handler.py:handle_request():140] handle_request: stop_status
2022-07-25 09:58:58,719 DEBUG   SenderThread:42284 [sender.py:send_request():250] send_request: stop_status
2022-07-25 09:59:14,289 DEBUG   HandlerThread:42284 [handler.py:handle_request():140] handle_request: stop_status
2022-07-25 09:59:14,290 DEBUG   SenderThread:42284 [sender.py:send_request():250] send_request: stop_status
2022-07-25 09:59:30,231 DEBUG   HandlerThread:42284 [handler.py:handle_request():140] handle_request: stop_status
2022-07-25 09:59:30,231 DEBUG   SenderThread:42284 [sender.py:send_request():250] send_request: stop_status
2022-07-25 09:59:45,798 DEBUG   HandlerThread:42284 [handler.py:handle_request():140] handle_request: stop_status
2022-07-25 09:59:45,798 DEBUG   SenderThread:42284 [sender.py:send_request():250] send_request: stop_status
2022-07-25 10:00:01,420 DEBUG   HandlerThread:42284 [handler.py:handle_request():140] handle_request: stop_status
2022-07-25 10:00:01,420 DEBUG   SenderThread:42284 [sender.py:send_request():250] send_request: stop_status
2022-07-25 10:00:17,101 DEBUG   HandlerThread:42284 [handler.py:handle_request():140] handle_request: stop_status
2022-07-25 10:00:17,101 DEBUG   SenderThread:42284 [sender.py:send_request():250] send_request: stop_status
2022-07-25 10:00:32,680 DEBUG   HandlerThread:42284 [handler.py:handle_request():140] handle_request: stop_status
2022-07-25 10:00:32,680 DEBUG   SenderThread:42284 [sender.py:send_request():250] send_request: stop_status
2022-07-25 10:00:48,295 DEBUG   HandlerThread:42284 [handler.py:handle_request():140] handle_request: stop_status
2022-07-25 10:00:48,295 DEBUG   SenderThread:42284 [sender.py:send_request():250] send_request: stop_status
2022-07-25 10:01:03,874 DEBUG   HandlerThread:42284 [handler.py:handle_request():140] handle_request: stop_status
2022-07-25 10:01:03,874 DEBUG   SenderThread:42284 [sender.py:send_request():250] send_request: stop_status
2022-07-25 10:01:19,652 DEBUG   HandlerThread:42284 [handler.py:handle_request():140] handle_request: stop_status
2022-07-25 10:01:19,652 DEBUG   SenderThread:42284 [sender.py:send_request():250] send_request: stop_status
2022-07-25 10:01:35,238 DEBUG   HandlerThread:42284 [handler.py:handle_request():140] handle_request: stop_status
2022-07-25 10:01:35,239 DEBUG   SenderThread:42284 [sender.py:send_request():250] send_request: stop_status
2022-07-25 10:01:50,849 DEBUG   HandlerThread:42284 [handler.py:handle_request():140] handle_request: stop_status
2022-07-25 10:01:50,850 DEBUG   SenderThread:42284 [sender.py:send_request():250] send_request: stop_status
2022-07-25 10:02:06,423 DEBUG   HandlerThread:42284 [handler.py:handle_request():140] handle_request: stop_status
2022-07-25 10:02:06,423 DEBUG   SenderThread:42284 [sender.py:send_request():250] send_request: stop_status
2022-07-25 10:02:15,702 DEBUG   SenderThread:42284 [sender.py:send():236] send: telemetry
2022-07-25 10:02:16,287 DEBUG   SenderThread:42284 [sender.py:send():236] send: exit
2022-07-25 10:02:16,288 INFO    SenderThread:42284 [sender.py:send_exit():372] handling exit code: 0
2022-07-25 10:02:16,288 INFO    SenderThread:42284 [sender.py:send_exit():374] handling runtime: 1213
2022-07-25 10:02:16,290 INFO    SenderThread:42284 [sender.py:_save_file():952] saving file wandb-summary.json with policy end
2022-07-25 10:02:16,291 INFO    SenderThread:42284 [sender.py:send_exit():380] send defer
2022-07-25 10:02:16,292 DEBUG   HandlerThread:42284 [handler.py:handle_request():140] handle_request: poll_exit
2022-07-25 10:02:16,293 DEBUG   SenderThread:42284 [sender.py:send_request():250] send_request: poll_exit
2022-07-25 10:02:16,294 DEBUG   HandlerThread:42284 [handler.py:handle_request():140] handle_request: defer
2022-07-25 10:02:16,295 INFO    HandlerThread:42284 [handler.py:handle_request_defer():163] handle defer: 0
2022-07-25 10:02:16,295 DEBUG   SenderThread:42284 [sender.py:send_request():250] send_request: defer
2022-07-25 10:02:16,295 INFO    SenderThread:42284 [sender.py:send_request_defer():389] handle sender defer: 0
2022-07-25 10:02:16,295 INFO    SenderThread:42284 [sender.py:transition_state():393] send defer: 1
2022-07-25 10:02:16,296 DEBUG   HandlerThread:42284 [handler.py:handle_request():140] handle_request: defer
2022-07-25 10:02:16,296 INFO    HandlerThread:42284 [handler.py:handle_request_defer():163] handle defer: 1
2022-07-25 10:02:16,296 DEBUG   SenderThread:42284 [sender.py:send_request():250] send_request: defer
2022-07-25 10:02:16,297 INFO    SenderThread:42284 [sender.py:send_request_defer():389] handle sender defer: 1
2022-07-25 10:02:16,297 INFO    SenderThread:42284 [sender.py:transition_state():393] send defer: 2
2022-07-25 10:02:16,298 DEBUG   HandlerThread:42284 [handler.py:handle_request():140] handle_request: defer
2022-07-25 10:02:16,298 INFO    HandlerThread:42284 [handler.py:handle_request_defer():163] handle defer: 2
2022-07-25 10:02:16,298 DEBUG   SenderThread:42284 [sender.py:send_request():250] send_request: defer
2022-07-25 10:02:16,298 INFO    SenderThread:42284 [sender.py:send_request_defer():389] handle sender defer: 2
2022-07-25 10:02:16,298 INFO    SenderThread:42284 [sender.py:transition_state():393] send defer: 3
2022-07-25 10:02:16,299 DEBUG   HandlerThread:42284 [handler.py:handle_request():140] handle_request: defer
2022-07-25 10:02:16,299 INFO    HandlerThread:42284 [handler.py:handle_request_defer():163] handle defer: 3
2022-07-25 10:02:16,300 DEBUG   SenderThread:42284 [sender.py:send_request():250] send_request: defer
2022-07-25 10:02:16,300 INFO    SenderThread:42284 [sender.py:send_request_defer():389] handle sender defer: 3
2022-07-25 10:02:16,300 INFO    SenderThread:42284 [sender.py:transition_state():393] send defer: 4
2022-07-25 10:02:16,301 DEBUG   HandlerThread:42284 [handler.py:handle_request():140] handle_request: defer
2022-07-25 10:02:16,301 INFO    HandlerThread:42284 [handler.py:handle_request_defer():163] handle defer: 4
2022-07-25 10:02:16,301 DEBUG   SenderThread:42284 [sender.py:send():236] send: summary
2022-07-25 10:02:16,302 INFO    SenderThread:42284 [sender.py:_save_file():952] saving file wandb-summary.json with policy end
2022-07-25 10:02:16,303 DEBUG   SenderThread:42284 [sender.py:send_request():250] send_request: defer
2022-07-25 10:02:16,303 INFO    SenderThread:42284 [sender.py:send_request_defer():389] handle sender defer: 4
2022-07-25 10:02:16,303 INFO    SenderThread:42284 [sender.py:transition_state():393] send defer: 5
2022-07-25 10:02:16,304 DEBUG   HandlerThread:42284 [handler.py:handle_request():140] handle_request: defer
2022-07-25 10:02:16,304 INFO    HandlerThread:42284 [handler.py:handle_request_defer():163] handle defer: 5
2022-07-25 10:02:16,305 DEBUG   SenderThread:42284 [sender.py:send_request():250] send_request: defer
2022-07-25 10:02:16,305 INFO    SenderThread:42284 [sender.py:send_request_defer():389] handle sender defer: 5
2022-07-25 10:02:16,419 DEBUG   HandlerThread:42284 [handler.py:handle_request():140] handle_request: poll_exit
2022-07-25 10:02:16,607 INFO    Thread-11 :42284 [dir_watcher.py:_on_file_modified():286] file/dir modified: D:\my_code_2\my_code\tutorial-MixMatch-master\wandb\run-20220725_093441-2fw995xd\files\output.log
2022-07-25 10:02:16,607 INFO    Thread-11 :42284 [dir_watcher.py:_on_file_modified():286] file/dir modified: D:\my_code_2\my_code\tutorial-MixMatch-master\wandb\run-20220725_093441-2fw995xd\files\wandb-summary.json
2022-07-25 10:02:17,023 INFO    SenderThread:42284 [sender.py:transition_state():393] send defer: 6
2022-07-25 10:02:17,023 DEBUG   SenderThread:42284 [sender.py:send_request():250] send_request: poll_exit
2022-07-25 10:02:17,024 DEBUG   HandlerThread:42284 [handler.py:handle_request():140] handle_request: defer
2022-07-25 10:02:17,024 INFO    HandlerThread:42284 [handler.py:handle_request_defer():163] handle defer: 6
2022-07-25 10:02:17,024 DEBUG   SenderThread:42284 [sender.py:send_request():250] send_request: defer
2022-07-25 10:02:17,024 INFO    SenderThread:42284 [sender.py:send_request_defer():389] handle sender defer: 6
2022-07-25 10:02:17,024 INFO    SenderThread:42284 [dir_watcher.py:finish():353] shutting down directory watcher
2022-07-25 10:02:17,127 DEBUG   HandlerThread:42284 [handler.py:handle_request():140] handle_request: poll_exit
2022-07-25 10:02:17,617 INFO    SenderThread:42284 [dir_watcher.py:_on_file_modified():286] file/dir modified: D:\my_code_2\my_code\tutorial-MixMatch-master\wandb\run-20220725_093441-2fw995xd\files\config.yaml
2022-07-25 10:02:17,617 INFO    SenderThread:42284 [dir_watcher.py:finish():383] scan: D:\my_code_2\my_code\tutorial-MixMatch-master\wandb\run-20220725_093441-2fw995xd\files
2022-07-25 10:02:17,618 INFO    SenderThread:42284 [dir_watcher.py:finish():397] scan save: D:\my_code_2\my_code\tutorial-MixMatch-master\wandb\run-20220725_093441-2fw995xd\files\conda-environment.yaml conda-environment.yaml
2022-07-25 10:02:17,619 INFO    SenderThread:42284 [dir_watcher.py:finish():397] scan save: D:\my_code_2\my_code\tutorial-MixMatch-master\wandb\run-20220725_093441-2fw995xd\files\config.yaml config.yaml
2022-07-25 10:02:17,619 INFO    SenderThread:42284 [dir_watcher.py:finish():397] scan save: D:\my_code_2\my_code\tutorial-MixMatch-master\wandb\run-20220725_093441-2fw995xd\files\output.log output.log
2022-07-25 10:02:17,624 INFO    SenderThread:42284 [dir_watcher.py:finish():397] scan save: D:\my_code_2\my_code\tutorial-MixMatch-master\wandb\run-20220725_093441-2fw995xd\files\requirements.txt requirements.txt
2022-07-25 10:02:17,636 INFO    SenderThread:42284 [dir_watcher.py:finish():397] scan save: D:\my_code_2\my_code\tutorial-MixMatch-master\wandb\run-20220725_093441-2fw995xd\files\wandb-metadata.json wandb-metadata.json
2022-07-25 10:02:17,637 INFO    SenderThread:42284 [dir_watcher.py:finish():397] scan save: D:\my_code_2\my_code\tutorial-MixMatch-master\wandb\run-20220725_093441-2fw995xd\files\wandb-summary.json wandb-summary.json
2022-07-25 10:02:17,645 INFO    SenderThread:42284 [sender.py:transition_state():393] send defer: 7
2022-07-25 10:02:17,646 DEBUG   SenderThread:42284 [sender.py:send_request():250] send_request: poll_exit
2022-07-25 10:02:17,654 DEBUG   HandlerThread:42284 [handler.py:handle_request():140] handle_request: defer
2022-07-25 10:02:17,655 INFO    HandlerThread:42284 [handler.py:handle_request_defer():163] handle defer: 7
2022-07-25 10:02:17,656 DEBUG   SenderThread:42284 [sender.py:send_request():250] send_request: defer
2022-07-25 10:02:17,656 INFO    SenderThread:42284 [sender.py:send_request_defer():389] handle sender defer: 7
2022-07-25 10:02:17,656 INFO    SenderThread:42284 [file_pusher.py:finish():171] shutting down file pusher
2022-07-25 10:02:17,758 DEBUG   HandlerThread:42284 [handler.py:handle_request():140] handle_request: poll_exit
2022-07-25 10:02:17,759 DEBUG   SenderThread:42284 [sender.py:send_request():250] send_request: poll_exit
2022-07-25 10:02:17,869 DEBUG   HandlerThread:42284 [handler.py:handle_request():140] handle_request: poll_exit
2022-07-25 10:02:17,869 DEBUG   SenderThread:42284 [sender.py:send_request():250] send_request: poll_exit
2022-07-25 10:02:17,980 DEBUG   HandlerThread:42284 [handler.py:handle_request():140] handle_request: poll_exit
2022-07-25 10:02:17,980 DEBUG   SenderThread:42284 [sender.py:send_request():250] send_request: poll_exit
2022-07-25 10:02:18,090 DEBUG   HandlerThread:42284 [handler.py:handle_request():140] handle_request: poll_exit
2022-07-25 10:02:18,091 DEBUG   SenderThread:42284 [sender.py:send_request():250] send_request: poll_exit
2022-07-25 10:02:19,056 INFO    Thread-16 :42284 [upload_job.py:push():138] Uploaded file D:\my_code_2\my_code\tutorial-MixMatch-master\wandb\run-20220725_093441-2fw995xd\files\conda-environment.yaml
2022-07-25 10:02:19,155 INFO    Thread-17 :42284 [upload_job.py:push():138] Uploaded file D:\my_code_2\my_code\tutorial-MixMatch-master\wandb\run-20220725_093441-2fw995xd\files\config.yaml
2022-07-25 10:02:19,173 INFO    Thread-19 :42284 [upload_job.py:push():138] Uploaded file D:\my_code_2\my_code\tutorial-MixMatch-master\wandb\run-20220725_093441-2fw995xd\files\requirements.txt
2022-07-25 10:02:19,193 INFO    Thread-18 :42284 [upload_job.py:push():138] Uploaded file D:\my_code_2\my_code\tutorial-MixMatch-master\wandb\run-20220725_093441-2fw995xd\files\output.log
2022-07-25 10:02:19,206 INFO    Thread-20 :42284 [upload_job.py:push():138] Uploaded file D:\my_code_2\my_code\tutorial-MixMatch-master\wandb\run-20220725_093441-2fw995xd\files\wandb-summary.json
2022-07-25 10:02:19,420 INFO    Thread-10 :42284 [sender.py:transition_state():393] send defer: 8
2022-07-25 10:02:19,422 DEBUG   HandlerThread:42284 [handler.py:handle_request():140] handle_request: defer
2022-07-25 10:02:19,423 INFO    HandlerThread:42284 [handler.py:handle_request_defer():163] handle defer: 8
2022-07-25 10:02:19,423 DEBUG   SenderThread:42284 [sender.py:send_request():250] send_request: defer
2022-07-25 10:02:19,423 INFO    SenderThread:42284 [sender.py:send_request_defer():389] handle sender defer: 8
2022-07-25 10:02:20,129 INFO    SenderThread:42284 [sender.py:transition_state():393] send defer: 9
2022-07-25 10:02:20,130 DEBUG   HandlerThread:42284 [handler.py:handle_request():140] handle_request: defer
2022-07-25 10:02:20,131 INFO    HandlerThread:42284 [handler.py:handle_request_defer():163] handle defer: 9
2022-07-25 10:02:20,131 DEBUG   SenderThread:42284 [sender.py:send_request():250] send_request: defer
2022-07-25 10:02:20,131 INFO    SenderThread:42284 [sender.py:send_request_defer():389] handle sender defer: 9
2022-07-25 10:02:20,132 INFO    SenderThread:42284 [sender.py:transition_state():393] send defer: 10
2022-07-25 10:02:20,133 DEBUG   SenderThread:42284 [sender.py:send():236] send: final
2022-07-25 10:02:20,133 DEBUG   SenderThread:42284 [sender.py:send():236] send: footer
2022-07-25 10:02:20,134 DEBUG   HandlerThread:42284 [handler.py:handle_request():140] handle_request: defer
2022-07-25 10:02:20,134 INFO    HandlerThread:42284 [handler.py:handle_request_defer():163] handle defer: 10
2022-07-25 10:02:20,134 DEBUG   SenderThread:42284 [sender.py:send_request():250] send_request: defer
2022-07-25 10:02:20,135 INFO    SenderThread:42284 [sender.py:send_request_defer():389] handle sender defer: 10
2022-07-25 10:02:22,639 WARNING MainThread:42284 [internal.py:is_dead():387] Internal process exiting, parent pid 40992 disappeared
2022-07-25 10:02:22,639 ERROR   MainThread:42284 [internal.py:wandb_internal():149] Internal process shutdown.
2022-07-25 10:02:23,156 INFO    SenderThread:42284 [sender.py:finish():1114] shutting down sender
2022-07-25 10:02:23,156 INFO    SenderThread:42284 [file_pusher.py:finish():171] shutting down file pusher
2022-07-25 10:02:23,157 INFO    WriterThread:42284 [datastore.py:close():279] close: D:\my_code_2\my_code\tutorial-MixMatch-master\wandb\run-20220725_093441-2fw995xd\run-2fw995xd.wandb
2022-07-25 10:02:23,157 INFO    SenderThread:42284 [file_pusher.py:join():176] waiting for file pusher
2022-07-25 10:02:23,157 INFO    HandlerThread:42284 [handler.py:finish():806] shutting down handler
2022-07-25 10:02:23,162 INFO    MainThread:42284 [internal.py:handle_exit():80] Internal process exited
